<deployment xmlns="urn:jboss:bean-deployer:2.0">

   <bean name="Test" class="java.util.ArrayList"/>
   
</deployment>