<?xml version="1.0" encoding="UTF-8" ?>
<testsuite errors="0" skipped="0" tests="17" time="0.175" failures="0" name="org.jboss.test.deployers.deploymentfactory.test.DeploymentFactoryUnitTestCase">
  <properties>
    <property value="Java(TM) 2 Runtime Environment, Standard Edition" name="java.runtime.name"/>
    <property value="/home/ejort/downloads/jdk1.5.0_09/jre/lib/i386" name="sun.boot.library.path"/>
    <property value="1.5.0_09-b03" name="java.vm.version"/>
    <property value="Sun Microsystems Inc." name="java.vm.vendor"/>
    <property value="http://java.sun.com/" name="java.vendor.url"/>
    <property value=":" name="path.separator"/>
    <property value="Java HotSpot(TM) Server VM" name="java.vm.name"/>
    <property value="sun.io" name="file.encoding.pkg"/>
    <property value="US" name="user.country"/>
    <property value="unknown" name="sun.os.patch.level"/>
    <property value="Java Virtual Machine Specification" name="java.vm.specification.name"/>
    <property value="/home/ejort/microcontainer/deployers-client" name="user.dir"/>
    <property value="1.5.0_09-b03" name="java.runtime.version"/>
    <property value="sun.awt.X11GraphicsEnvironment" name="java.awt.graphicsenv"/>
    <property value="/home/ejort/microcontainer/deployers-client" name="basedir"/>
    <property value="/home/ejort/downloads/jdk1.5.0_09/jre/lib/endorsed" name="java.endorsed.dirs"/>
    <property value="i386" name="os.arch"/>
    <property value="/tmp" name="java.io.tmpdir"/>
    <property value="
" name="line.separator"/>
    <property value="Sun Microsystems Inc." name="java.vm.specification.vendor"/>
    <property value="Linux" name="os.name"/>
    <property value="UTF-8" name="sun.jnu.encoding"/>
    <property value="/home/ejort/downloads/jdk1.5.0_09/jre/lib/i386/server:/home/ejort/downloads/jdk1.5.0_09/jre/lib/i386:/home/ejort/downloads/jdk1.5.0_09/jre/../lib/i386" name="java.library.path"/>
    <property value="Java Platform API Specification" name="java.specification.name"/>
    <property value="49.0" name="java.class.version"/>
    <property value="HotSpot Server Compiler" name="sun.management.compiler"/>
    <property value="2.6.20-1.2952.fc6" name="os.version"/>
    <property value="/home/ejort" name="user.home"/>
    <property value="" name="user.timezone"/>
    <property value="sun.print.PSPrinterJob" name="java.awt.printerjob"/>
    <property value="UTF-8" name="file.encoding"/>
    <property value="1.5" name="java.specification.version"/>
    <property value="ejort" name="user.name"/>
    <property value="/home/ejort/.m2/repository/org/codehaus/plexus/plexus-archiver/1.0-alpha-7/plexus-archiver-1.0-alpha-7.jar:/home/ejort/.m2/repository/junit/junit/3.8.1/junit-3.8.1.jar:/home/ejort/.m2/repository/org/apache/maven/surefire/surefire-api/2.3/surefire-api-2.3.jar:/home/ejort/.m2/repository/org/codehaus/plexus/plexus-container-default/1.0-alpha-8/plexus-container-default-1.0-alpha-8.jar:/home/ejort/.m2/repository/classworlds/classworlds/1.1-alpha-2/classworlds-1.1-alpha-2.jar:/home/ejort/.m2/repository/org/codehaus/plexus/plexus-utils/1.1/plexus-utils-1.1.jar:/home/ejort/.m2/repository/commons-lang/commons-lang/2.1/commons-lang-2.1.jar:/home/ejort/.m2/repository/org/apache/maven/surefire/surefire-booter/2.3/surefire-booter-2.3.jar" name="java.class.path"/>
    <property value="1.0" name="java.vm.specification.version"/>
    <property value="32" name="sun.arch.data.model"/>
    <property value="/home/ejort/downloads/jdk1.5.0_09/jre" name="java.home"/>
    <property value="Sun Microsystems Inc." name="java.specification.vendor"/>
    <property value="en" name="user.language"/>
    <property value="mixed mode" name="java.vm.info"/>
    <property value="1.5.0_09" name="java.version"/>
    <property value="/home/ejort/downloads/jdk1.5.0_09/jre/lib/ext" name="java.ext.dirs"/>
    <property value="/home/ejort/downloads/jdk1.5.0_09/jre/lib/rt.jar:/home/ejort/downloads/jdk1.5.0_09/jre/lib/i18n.jar:/home/ejort/downloads/jdk1.5.0_09/jre/lib/sunrsasign.jar:/home/ejort/downloads/jdk1.5.0_09/jre/lib/jsse.jar:/home/ejort/downloads/jdk1.5.0_09/jre/lib/jce.jar:/home/ejort/downloads/jdk1.5.0_09/jre/lib/charsets.jar:/home/ejort/downloads/jdk1.5.0_09/jre/classes" name="sun.boot.class.path"/>
    <property value="Sun Microsystems Inc." name="java.vendor"/>
    <property value="/home/ejort/.m2/repository" name="localRepository"/>
    <property value="/" name="file.separator"/>
    <property value="http://java.sun.com/cgi-bin/bugreport.cgi" name="java.vendor.url.bug"/>
    <property value="little" name="sun.cpu.endian"/>
    <property value="UnicodeLittle" name="sun.io.unicode.encoding"/>
    <property value="gnome" name="sun.desktop"/>
    <property value="" name="sun.cpu.isalist"/>
  </properties>
  <testcase time="0.04" name="testCreateClassPathEntryPath"/>
  <testcase time="0.002" name="testCreateClassPathEntryPathErrors"/>
  <testcase time="0.001" name="testCreateClassPathEntryPathAndSuffixes"/>
  <testcase time="0.002" name="testCreateClassPathEntryPathAndSuffixesErrors"/>
  <testcase time="0.002" name="testCreateClassPathPath"/>
  <testcase time="0.002" name="testCreateClassPathPathErrors"/>
  <testcase time="0.003" name="testCreateClassPathPathAndSuffixes"/>
  <testcase time="0.001" name="testCreateClassPathPathAndSuffixesErrors"/>
  <testcase time="0.013" name="testAddContextPath"/>
  <testcase time="0.001" name="testAddContextPathErrors"/>
  <testcase time="0.002" name="testAddContextPathAndClassPath"/>
  <testcase time="0.001" name="testAddContextPathAndClassPathErrors"/>
  <testcase time="0.001" name="testAddContextPathAndMetaDataAndClassPath"/>
  <testcase time="0.001" name="testAddContextPathAndMetaDataPathAndAndClassPathErrors"/>
  <testcase time="0.002" name="testAddContexts"/>
  <testcase time="0.002" name="testAddContextsToContext"/>
  <testcase time="0.076" name="testSerialization"/>
</testsuite>